{
  "uuid": "05a91c56-4dc5-4dbb-a15d-08e66f78cc29",
  "historyId": "1f50496ac1d2f6312b1b39dd41a3fe06",
  "testCaseId": "1b286657ba5df054fe8077133eedc133",
  "fullName": "ReqnrollProject/Features/Login/Verify login with valid credentails",
  "labels": [
    {
      "name": "host",
      "value": "AUTO444SJHMZSGW"
    },
    {
      "name": "thread",
      "value": ".NET Long Running Task"
    },
    {
      "name": "language",
      "value": "C#"
    },
    {
      "name": "framework",
      "value": "Reqnroll"
    },
    {
      "name": "package",
      "value": "Features.Login"
    },
    {
      "name": "feature",
      "value": "Login"
    },
    {
      "name": "tag",
      "value": "Regression,"
    },
    {
      "name": "tag",
      "value": "Functional"
    }
  ],
  "links": [],
  "name": "Verify login with valid credentails",
  "status": "broken",
  "statusDetails": {
    "known": false,
    "muted": false,
    "flaky": false,
    "message": "no such element: Unable to locate element: {\"method\":\"xpath\",\"selector\":\"(//a[@class = 'oxd-main-menu-item'])[1]\"}\n  (Session info: chrome=137.0.7151.57); For documentation on this error, please visit: https://www.selenium.dev/documentation/webdriver/troubleshooting/errors#no-such-element-exception",
    "trace": "OpenQA.Selenium.NoSuchElementException: no such element: Unable to locate element: {\"method\":\"xpath\",\"selector\":\"(//a[@class = 'oxd-main-menu-item'])[1]\"}\n  (Session info: chrome=137.0.7151.57); For documentation on this error, please visit: https://www.selenium.dev/documentation/webdriver/troubleshooting/errors#no-such-element-exception\r\n   at OpenQA.Selenium.WebDriver.UnpackAndThrowOnError(Response errorResponse, String commandToExecute)\r\n   at OpenQA.Selenium.WebDriver.ExecuteAsync(String driverCommandToExecute, Dictionary`2 parameters)\r\n   at OpenQA.Selenium.WebDriver.Execute(String driverCommandToExecute, Dictionary`2 parameters)\r\n   at OpenQA.Selenium.WebDriver.FindElement(String mechanism, String value)\r\n   at OpenQA.Selenium.By.<.ctor>b__6_0(ISearchContext context)\r\n   at OpenQA.Selenium.By.FindElement(ISearchContext context)\r\n   at OpenQA.Selenium.WebDriver.FindElement(By by)\r\n   at ReqnrollProject.Pages.LoginPage.homepagedisplay() in C:\\Users\\bhush\\source\\repos\\ReqnrollProject\\ReqnrollProject\\Pages\\LoginPage.cs:line 77\r\n   at ReqnrollProject.StepDefinitions.LoginStepDefinitions.ThenUserIsNavigatedToHomePage() in C:\\Users\\bhush\\source\\repos\\ReqnrollProject\\ReqnrollProject\\StepDefinitions\\LoginStepDefinitions.cs:line 44\r\n   at InvokeStub_Action`1.Invoke(Object, Span`1)\r\n   at System.Reflection.MethodBaseInvoker.InvokeWithOneArg(Object obj, BindingFlags invokeAttr, Binder binder, Object[] parameters, CultureInfo culture)\r\n--- End of stack trace from previous location ---\r\n   at Reqnroll.Bindings.BindingInvoker.InvokeBindingAsync(IBinding binding, IContextManager contextManager, Object[] arguments, ITestTracer testTracer, DurationHolder durationHolder)\r\n   at Reqnroll.Infrastructure.TestExecutionEngine.ExecuteStepMatchAsync(BindingMatch match, Object[] arguments, DurationHolder durationHolder)\r\n   at Reqnroll.Infrastructure.TestExecutionEngine.ExecuteStepAsync(IContextManager contextManager, StepInstance stepInstance)\r\n   at Reqnroll.Infrastructure.TestExecutionEngine.OnAfterLastStepAsync()\r\n   at Reqnroll.TestRunner.CollectScenarioErrorsAsync()\r\n   at Allure.ReqnrollPlugin.SelectiveRun.TestPlanAwareTestRunner.CollectScenarioErrorsAsync()\r\n   at ReqnrollProject.Features.LoginFeature.ScenarioCleanupAsync()\r\n   at ReqnrollProject.Features.LoginFeature.VerifyLoginWithValidCredentails() in C:\\Users\\bhush\\source\\repos\\ReqnrollProject\\ReqnrollProject\\Features\\Login.feature:line 45\r\n   at Microsoft.VisualStudio.TestPlatform.MSTest.TestAdapter.Extensions.MethodInfoExtensions.InvokeAsSynchronousTask(MethodInfo methodInfo, Object classInstance, Object[] arguments) in /_/src/Adapter/MSTest.TestAdapter/Extensions/MethodInfoExtensions.cs:line 190\r\n   at Microsoft.VisualStudio.TestPlatform.MSTest.TestAdapter.Execution.TestMethodInfo.ExecuteInternal(Object[] arguments) in /_/src/Adapter/MSTest.TestAdapter/Execution/TestMethodInfo.cs:line 251"
  },
  "stage": "finished",
  "steps": [
    {
      "name": "Given User is on the orangehrm login page",
      "status": "passed",
      "statusDetails": {
        "known": false,
        "muted": false,
        "flaky": false
      },
      "stage": "finished",
      "steps": [],
      "attachments": [],
      "parameters": [],
      "start": 1749107321881,
      "stop": 1749107328877
    },
    {
      "name": "When User enters the username \"Admin\" and password \"admin123\" in the text fields",
      "status": "passed",
      "statusDetails": {
        "known": false,
        "muted": false,
        "flaky": false
      },
      "stage": "finished",
      "steps": [],
      "attachments": [],
      "parameters": [],
      "start": 1749107328877,
      "stop": 1749107328994
    },
    {
      "name": "When User clicks on submit button",
      "status": "passed",
      "statusDetails": {
        "known": false,
        "muted": false,
        "flaky": false
      },
      "stage": "finished",
      "steps": [],
      "attachments": [],
      "parameters": [],
      "start": 1749107328994,
      "stop": 1749107329061
    },
    {
      "name": "Then User is navigated to home page",
      "status": "broken",
      "statusDetails": {
        "known": false,
        "muted": false,
        "flaky": false,
        "message": "no such element: Unable to locate element: {\"method\":\"xpath\",\"selector\":\"(//a[@class = 'oxd-main-menu-item'])[1]\"}\n  (Session info: chrome=137.0.7151.57); For documentation on this error, please visit: https://www.selenium.dev/documentation/webdriver/troubleshooting/errors#no-such-element-exception",
        "trace": "OpenQA.Selenium.NoSuchElementException: no such element: Unable to locate element: {\"method\":\"xpath\",\"selector\":\"(//a[@class = 'oxd-main-menu-item'])[1]\"}\n  (Session info: chrome=137.0.7151.57); For documentation on this error, please visit: https://www.selenium.dev/documentation/webdriver/troubleshooting/errors#no-such-element-exception\r\n   at OpenQA.Selenium.WebDriver.UnpackAndThrowOnError(Response errorResponse, String commandToExecute)\r\n   at OpenQA.Selenium.WebDriver.ExecuteAsync(String driverCommandToExecute, Dictionary`2 parameters)\r\n   at OpenQA.Selenium.WebDriver.Execute(String driverCommandToExecute, Dictionary`2 parameters)\r\n   at OpenQA.Selenium.WebDriver.FindElement(String mechanism, String value)\r\n   at OpenQA.Selenium.By.<.ctor>b__6_0(ISearchContext context)\r\n   at OpenQA.Selenium.By.FindElement(ISearchContext context)\r\n   at OpenQA.Selenium.WebDriver.FindElement(By by)\r\n   at ReqnrollProject.Pages.LoginPage.homepagedisplay() in C:\\Users\\bhush\\source\\repos\\ReqnrollProject\\ReqnrollProject\\Pages\\LoginPage.cs:line 77\r\n   at ReqnrollProject.StepDefinitions.LoginStepDefinitions.ThenUserIsNavigatedToHomePage() in C:\\Users\\bhush\\source\\repos\\ReqnrollProject\\ReqnrollProject\\StepDefinitions\\LoginStepDefinitions.cs:line 44\r\n   at InvokeStub_Action`1.Invoke(Object, Span`1)\r\n   at System.Reflection.MethodBaseInvoker.InvokeWithOneArg(Object obj, BindingFlags invokeAttr, Binder binder, Object[] parameters, CultureInfo culture)\r\n--- End of stack trace from previous location ---\r\n   at Reqnroll.Bindings.BindingInvoker.InvokeBindingAsync(IBinding binding, IContextManager contextManager, Object[] arguments, ITestTracer testTracer, DurationHolder durationHolder)\r\n   at Reqnroll.Infrastructure.TestExecutionEngine.ExecuteStepMatchAsync(BindingMatch match, Object[] arguments, DurationHolder durationHolder)\r\n   at Reqnroll.Infrastructure.TestExecutionEngine.ExecuteStepAsync(IContextManager contextManager, StepInstance stepInstance)"
      },
      "stage": "finished",
      "steps": [],
      "attachments": [],
      "parameters": [],
      "start": 1749107329061,
      "stop": 1749107333688
    }
  ],
  "attachments": [],
  "parameters": [],
  "start": 1749107321881,
  "stop": 1749107333689
}